#
# There is insufficient memory for the Java Runtime Environment to continue.
# Native memory allocation (mmap) failed to map 10485760 bytes. Error detail: G1 virtual space
# Possible reasons:
#   The system is out of physical RAM or swap space
#   This process is running with CompressedOops enabled, and the Java Heap may be blocking the growth of the native heap
# Possible solutions:
#   Reduce memory load on the system
#   Increase physical memory or swap space
#   Check if swap backing store is full
#   Decrease Java heap size (-Xmx/-Xms)
#   Decrease number of Java threads
#   Decrease Java thread stack sizes (-Xss)
#   Set larger code cache with -XX:ReservedCodeCacheSize=
#   JVM is running with Zero Based Compressed Oops mode in which the Java heap is
#     placed in the first 32GB address space. The Java Heap base address is the
#     maximum limit for the native heap growth. Please use -XX:HeapBaseMinAddress
#     to set the Java Heap base and to place the Java Heap above 32GB virtual address.
# This output file may be truncated or incomplete.
#
#  Out of Memory Error (os_windows.cpp:3828), pid=17180, tid=17992
#
# JRE version: OpenJDK Runtime Environment (21.0.4) (build 21.0.4+-12508038-b607.1)
# Java VM: OpenJDK 64-Bit Server VM (21.0.4+-12508038-b607.1, mixed mode, tiered, compressed oops, compressed class ptrs, g1 gc, windows-amd64)
# No core dump will be written. Minidumps are not enabled by default on client versions of Windows
#

---------------  S U M M A R Y ------------

Command Line: org.jetbrains.kotlin.cli.jvm.K2JVMCompiler @D:\Online Assigenment\Android_Assigenment\The-CNC-CODE-CREATOR-APP\app\build\20250328_11327213800067509858.compiler.options

Host: Intel(R) Core(TM) i7-5600U CPU @ 2.60GHz, 4 cores, 15G,  Windows 11 , 64 bit Build 22621 (10.0.22621.4974)
Time: Fri Mar 28 00:38:08 2025 Pakistan Standard Time elapsed time: 33.125765 seconds (0d 0h 0m 33s)

---------------  T H R E A D  ---------------

Current thread (0x00000159a449ec20):  VMThread "VM Thread"          [id=17992, stack(0x00000003fd100000,0x00000003fd200000) (1024K)]

Stack: [0x00000003fd100000,0x00000003fd200000]
Native frames: (J=compiled Java code, j=interpreted, Vv=VM code, C=native code)
V  [jvm.dll+0x6ce539]
V  [jvm.dll+0x85bf03]
V  [jvm.dll+0x85e45e]
V  [jvm.dll+0x85eb43]
V  [jvm.dll+0x27dd06]
V  [jvm.dll+0x6cada5]
V  [jvm.dll+0x6bf27a]
V  [jvm.dll+0x3541fb]
V  [jvm.dll+0x35be36]
V  [jvm.dll+0x3adbc6]
V  [jvm.dll+0x3ade98]
V  [jvm.dll+0x32691c]
V  [jvm.dll+0x329326]
V  [jvm.dll+0x33325d]
V  [jvm.dll+0x36a865]
V  [jvm.dll+0x8648c8]
V  [jvm.dll+0x865c44]
V  [jvm.dll+0x866180]
V  [jvm.dll+0x866413]
V  [jvm.dll+0x804418]
V  [jvm.dll+0x6cce0d]
C  [ucrtbase.dll+0x29333]
C  [KERNEL32.DLL+0x1259d]
C  [ntdll.dll+0x5af38]

VM_Operation (0x00000003fccff400): G1PauseRemark, mode: safepoint, requested by thread 0x000001598af13e10


---------------  P R O C E S S  ---------------

Threads class SMR info:
_java_thread_list=0x00000159abcee980, length=12, elements={
0x0000015988ccdd20, 0x00000159a46551b0, 0x00000159a4630080, 0x00000159a4655f70,
0x00000159a4656dd0, 0x00000159a46356a0, 0x00000159a46370b0, 0x00000159a4668740,
0x00000159a466aea0, 0x00000159a47f9900, 0x00000159a47fcf90, 0x00000159aa74c240
}

Java Threads: ( => current thread )
  0x0000015988ccdd20 JavaThread "main"                              [_thread_blocked, id=7964, stack(0x00000003fca00000,0x00000003fcb00000) (1024K)]
  0x00000159a46551b0 JavaThread "Reference Handler"          daemon [_thread_blocked, id=11480, stack(0x00000003fd200000,0x00000003fd300000) (1024K)]
  0x00000159a4630080 JavaThread "Finalizer"                  daemon [_thread_blocked, id=16388, stack(0x00000003fd300000,0x00000003fd400000) (1024K)]
  0x00000159a4655f70 JavaThread "Signal Dispatcher"          daemon [_thread_blocked, id=20744, stack(0x00000003fd400000,0x00000003fd500000) (1024K)]
  0x00000159a4656dd0 JavaThread "Attach Listener"            daemon [_thread_blocked, id=20212, stack(0x00000003fd500000,0x00000003fd600000) (1024K)]
  0x00000159a46356a0 JavaThread "Service Thread"             daemon [_thread_blocked, id=14380, stack(0x00000003fd600000,0x00000003fd700000) (1024K)]
  0x00000159a46370b0 JavaThread "Monitor Deflation Thread"   daemon [_thread_blocked, id=15108, stack(0x00000003fd700000,0x00000003fd800000) (1024K)]
  0x00000159a4668740 JavaThread "C2 CompilerThread0"         daemon [_thread_blocked, id=18376, stack(0x00000003fd800000,0x00000003fd900000) (1024K)]
  0x00000159a466aea0 JavaThread "C1 CompilerThread0"         daemon [_thread_blocked, id=9812, stack(0x00000003fd900000,0x00000003fda00000) (1024K)]
  0x00000159a47f9900 JavaThread "Notification Thread"        daemon [_thread_blocked, id=17172, stack(0x00000003fda00000,0x00000003fdb00000) (1024K)]
  0x00000159a47fcf90 JavaThread "Common-Cleaner"             daemon [_thread_blocked, id=5504, stack(0x00000003fdb00000,0x00000003fdc00000) (1024K)]
  0x00000159aa74c240 JavaThread "C2 CompilerThread1"         daemon [_thread_blocked, id=2824, stack(0x00000003fdc00000,0x00000003fdd00000) (1024K)]
Total: 12

Other Threads:
=>0x00000159a449ec20 VMThread "VM Thread"                           [id=17992, stack(0x00000003fd100000,0x00000003fd200000) (1024K)]
  0x00000159a4421b20 WatcherThread "VM Periodic Task Thread"        [id=17792, stack(0x00000003fd000000,0x00000003fd100000) (1024K)]
  0x000001598af02710 WorkerThread "GC Thread#0"                     [id=5988, stack(0x00000003fcb00000,0x00000003fcc00000) (1024K)]
  0x00000159a92ff540 WorkerThread "GC Thread#1"                     [id=18692, stack(0x00000003fdd00000,0x00000003fde00000) (1024K)]
  0x00000159a92ff8e0 WorkerThread "GC Thread#2"                     [id=14748, stack(0x00000003fde00000,0x00000003fdf00000) (1024K)]
  0x00000159a935e050 WorkerThread "GC Thread#3"                     [id=8028, stack(0x00000003fdf00000,0x00000003fe000000) (1024K)]
  0x000001598af13e10 ConcurrentGCThread "G1 Main Marker"            [id=14920, stack(0x00000003fcc00000,0x00000003fcd00000) (1024K)]
  0x000001598af15120 WorkerThread "G1 Conc#0"                       [id=12404, stack(0x00000003fcd00000,0x00000003fce00000) (1024K)]
  0x00000159a42e3180 ConcurrentGCThread "G1 Refine#0"               [id=12088, stack(0x00000003fce00000,0x00000003fcf00000) (1024K)]
  0x00000159a42e3b00 ConcurrentGCThread "G1 Service"                [id=17660, stack(0x00000003fcf00000,0x00000003fd000000) (1024K)]
Total: 10

Threads with active compile tasks:
C2 CompilerThread0    33175 13486       4       org.jetbrains.kotlin.com.intellij.psi.stub.JavaStubImplUtil::isMemberDeprecated (66 bytes)
C2 CompilerThread1    33175 13456   !   4       org.jetbrains.kotlin.types.expressions.ExpressionTypingVisitorDispatcher::lambda$getTypeInfo$0 (352 bytes)
Total: 2

VM state: at safepoint (normal execution)

VM Mutex/Monitor currently owned by a thread:  ([mutex/lock_event])
[0x00007ffcb03d72f8] Threads_lock - owner thread: 0x00000159a449ec20
[0x00007ffcb03d73f8] Heap_lock - owner thread: 0x000001598af13e10

Heap address: 0x0000000701e00000, size: 4066 MB, Compressed Oops mode: Zero based, Oop shift amount: 3

CDS archive(s) not mapped
Compressed class space mapped at: 0x0000000800000000-0x0000000840000000, reserved size: 1073741824
Narrow klass base: 0x0000000800000000, Narrow klass shift: 0, Narrow klass range: 0x40000000

GC Precious Log:
 CardTable entry size: 512
 Card Set container configuration: InlinePtr #cards 4 size 8 Array Of Cards #cards 16 size 48 Howl #buckets 8 coarsen threshold 3686 Howl Bitmap #cards 512 size 80 coarsen threshold 460 Card regions per heap region 1 cards per card region 4096
 CPUs: 4 total, 4 available
 Memory: 16259M
 Large Page Support: Disabled
 NUMA Support: Disabled
 Compressed Oops: Enabled (Zero based)
 Heap Region Size: 2M
 Heap Min Capacity: 8M
 Heap Initial Capacity: 256M
 Heap Max Capacity: 4066M
 Pre-touch: Disabled
 Parallel Workers: 4
 Concurrent Workers: 1
 Concurrent Refinement Workers: 4
 Periodic GC: Disabled

Heap:
 garbage-first heap   total 137216K, used 89857K [0x0000000701e00000, 0x0000000800000000)
  region size 2048K, 6 young (12288K), 3 survivors (6144K)
 Metaspace       used 66585K, committed 67392K, reserved 1114112K
  class space    used 7262K, committed 7680K, reserved 1048576K

Heap Regions: E=young(eden), S=young(survivor), O=old, HS=humongous(starts), HC=humongous(continues), CS=collection set, F=free, TAMS=top-at-mark-start, PB=parsable bottom
|   0|0x0000000701e00000, 0x0000000702000000, 0x0000000702000000|100%|HS|  |TAMS 0x0000000702000000| PB 0x0000000701e00000| Complete 
|   1|0x0000000702000000, 0x0000000702200000, 0x0000000702200000|100%|HC|  |TAMS 0x0000000702200000| PB 0x0000000702000000| Complete 
|   2|0x0000000702200000, 0x0000000702400000, 0x0000000702400000|100%| O|  |TAMS 0x0000000702400000| PB 0x0000000702400000| Untracked 
|   3|0x0000000702400000, 0x0000000702600000, 0x0000000702600000|100%|HS|  |TAMS 0x0000000702600000| PB 0x0000000702400000| Complete 
|   4|0x0000000702600000, 0x0000000702800000, 0x0000000702800000|100%| O|  |TAMS 0x0000000702800000| PB 0x0000000702800000| Untracked 
|   5|0x0000000702800000, 0x0000000702a00000, 0x0000000702a00000|100%| O|  |TAMS 0x0000000702a00000| PB 0x0000000702a00000| Untracked 
|   6|0x0000000702a00000, 0x0000000702c00000, 0x0000000702c00000|100%| O|  |TAMS 0x0000000702c00000| PB 0x0000000702c00000| Untracked 
|   7|0x0000000702c00000, 0x0000000702e00000, 0x0000000702e00000|100%| O|  |TAMS 0x0000000702e00000| PB 0x0000000702e00000| Updating 
|   8|0x0000000702e00000, 0x0000000703000000, 0x0000000703000000|100%| O|  |TAMS 0x0000000703000000| PB 0x0000000703000000| Untracked 
|   9|0x0000000703000000, 0x0000000703200000, 0x0000000703200000|100%| O|  |TAMS 0x0000000703200000| PB 0x0000000703200000| Untracked 
|  10|0x0000000703200000, 0x0000000703400000, 0x0000000703400000|100%| O|  |TAMS 0x0000000703400000| PB 0x0000000703400000| Untracked 
|  11|0x0000000703400000, 0x0000000703600000, 0x0000000703600000|100%| O|  |TAMS 0x0000000703600000| PB 0x0000000703600000| Untracked 
|  12|0x0000000703600000, 0x0000000703800000, 0x0000000703800000|100%| O|  |TAMS 0x0000000703800000| PB 0x0000000703800000| Updating 
|  13|0x0000000703800000, 0x0000000703a00000, 0x0000000703a00000|100%| O|  |TAMS 0x0000000703a00000| PB 0x0000000703a00000| Untracked 
|  14|0x0000000703a00000, 0x0000000703c00000, 0x0000000703c00000|100%| O|  |TAMS 0x0000000703c00000| PB 0x0000000703c00000| Untracked 
|  15|0x0000000703c00000, 0x0000000703e00000, 0x0000000703e00000|100%| O|  |TAMS 0x0000000703e00000| PB 0x0000000703e00000| Untracked 
|  16|0x0000000703e00000, 0x0000000704000000, 0x0000000704000000|100%| O|  |TAMS 0x0000000704000000| PB 0x0000000704000000| Updating 
|  17|0x0000000704000000, 0x0000000704200000, 0x0000000704200000|100%| O|  |TAMS 0x0000000704200000| PB 0x0000000704200000| Untracked 
|  18|0x0000000704200000, 0x0000000704400000, 0x0000000704400000|100%| O|  |TAMS 0x0000000704400000| PB 0x0000000704400000| Untracked 
|  19|0x0000000704400000, 0x0000000704600000, 0x0000000704600000|100%| O|  |TAMS 0x0000000704600000| PB 0x0000000704600000| Untracked 
|  20|0x0000000704600000, 0x0000000704800000, 0x0000000704800000|100%| O|  |TAMS 0x0000000704800000| PB 0x0000000704800000| Untracked 
|  21|0x0000000704800000, 0x0000000704a00000, 0x0000000704a00000|100%| O|  |TAMS 0x0000000704a00000| PB 0x0000000704a00000| Untracked 
|  22|0x0000000704a00000, 0x0000000704c00000, 0x0000000704c00000|100%| O|  |TAMS 0x0000000704c00000| PB 0x0000000704c00000| Untracked 
|  23|0x0000000704c00000, 0x0000000704e00000, 0x0000000704e00000|100%| O|  |TAMS 0x0000000704e00000| PB 0x0000000704e00000| Untracked 
|  24|0x0000000704e00000, 0x0000000705000000, 0x0000000705000000|100%| O|  |TAMS 0x0000000705000000| PB 0x0000000705000000| Untracked 
|  25|0x0000000705000000, 0x0000000705200000, 0x0000000705200000|100%| O|  |TAMS 0x0000000705200000| PB 0x0000000705200000| Untracked 
|  26|0x0000000705200000, 0x0000000705400000, 0x0000000705400000|100%| O|  |TAMS 0x0000000705400000| PB 0x0000000705400000| Updating 
|  27|0x0000000705400000, 0x0000000705600000, 0x0000000705600000|100%| O|  |TAMS 0x0000000705600000| PB 0x0000000705600000| Untracked 
|  28|0x0000000705600000, 0x0000000705800000, 0x0000000705800000|100%| O|  |TAMS 0x0000000705800000| PB 0x0000000705800000| Untracked 
|  29|0x0000000705800000, 0x0000000705a00000, 0x0000000705a00000|100%| O|  |TAMS 0x0000000705a00000| PB 0x0000000705a00000| Untracked 
|  30|0x0000000705a00000, 0x0000000705c00000, 0x0000000705c00000|100%| O|  |TAMS 0x0000000705c00000| PB 0x0000000705c00000| Updating 
|  31|0x0000000705c00000, 0x0000000705e00000, 0x0000000705e00000|100%| O|  |TAMS 0x0000000705e00000| PB 0x0000000705e00000| Untracked 
|  32|0x0000000705e00000, 0x0000000706000000, 0x0000000706000000|100%| O|  |TAMS 0x0000000706000000| PB 0x0000000706000000| Untracked 
|  33|0x0000000706000000, 0x0000000706200000, 0x0000000706200000|100%| O|  |TAMS 0x0000000706200000| PB 0x0000000706200000| Untracked 
|  34|0x0000000706200000, 0x0000000706400000, 0x0000000706400000|100%|HS|  |TAMS 0x0000000706400000| PB 0x0000000706200000| Complete 
|  35|0x0000000706400000, 0x0000000706600000, 0x0000000706600000|100%| O|  |TAMS 0x0000000706600000| PB 0x0000000706600000| Untracked 
|  36|0x0000000706600000, 0x0000000706800000, 0x0000000706800000|100%| O|  |TAMS 0x0000000706800000| PB 0x0000000706800000| Untracked 
|  37|0x0000000706800000, 0x0000000706a00000, 0x0000000706a00000|100%| O|  |TAMS 0x0000000706a00000| PB 0x0000000706a00000| Untracked 
|  38|0x0000000706a00000, 0x0000000706a00000, 0x0000000706c00000|  0%| F|  |TAMS 0x0000000706a00000| PB 0x0000000706a00000| Untracked 
|  39|0x0000000706c00000, 0x0000000706e00000, 0x0000000706e00000|100%| O|  |TAMS 0x0000000706e00000| PB 0x0000000706e00000| Untracked 
|  40|0x0000000706e00000, 0x0000000706e00000, 0x0000000707000000|  0%| F|  |TAMS 0x0000000706e00000| PB 0x0000000706e00000| Untracked 
|  41|0x0000000707000000, 0x0000000707000000, 0x0000000707200000|  0%| F|  |TAMS 0x0000000707000000| PB 0x0000000707000000| Untracked 
|  42|0x0000000707200000, 0x000000070731aea0, 0x0000000707400000| 55%| S|CS|TAMS 0x0000000707200000| PB 0x0000000707200000| Complete 
|  43|0x0000000707400000, 0x00000007074a55c0, 0x0000000707600000| 32%| O|  |TAMS 0x00000007074a55c0| PB 0x00000007074a55c0| Updating 
|  44|0x0000000707600000, 0x0000000707800000, 0x0000000707800000|100%| S|CS|TAMS 0x0000000707600000| PB 0x0000000707600000| Complete 
|  45|0x0000000707800000, 0x0000000707a00000, 0x0000000707a00000|100%| S|CS|TAMS 0x0000000707800000| PB 0x0000000707800000| Complete 
|  46|0x0000000707a00000, 0x0000000707a00000, 0x0000000707c00000|  0%| F|  |TAMS 0x0000000707a00000| PB 0x0000000707a00000| Untracked 
|  47|0x0000000707c00000, 0x0000000707c00000, 0x0000000707e00000|  0%| F|  |TAMS 0x0000000707c00000| PB 0x0000000707c00000| Untracked 
|  48|0x0000000707e00000, 0x0000000707e00000, 0x0000000708000000|  0%| F|  |TAMS 0x0000000707e00000| PB 0x0000000707e00000| Untracked 
|  49|0x0000000708000000, 0x0000000708000000, 0x0000000708200000|  0%| F|  |TAMS 0x0000000708000000| PB 0x0000000708000000| Untracked 
|  50|0x0000000708200000, 0x0000000708200000, 0x0000000708400000|  0%| F|  |TAMS 0x0000000708200000| PB 0x0000000708200000| Untracked 
|  51|0x0000000708400000, 0x0000000708400000, 0x0000000708600000|  0%| F|  |TAMS 0x0000000708400000| PB 0x0000000708400000| Untracked 
|  52|0x0000000708600000, 0x0000000708600000, 0x0000000708800000|  0%| F|  |TAMS 0x0000000708600000| PB 0x0000000708600000| Untracked 
|  53|0x0000000708800000, 0x0000000708800000, 0x0000000708a00000|  0%| F|  |TAMS 0x0000000708800000| PB 0x0000000708800000| Untracked 
|  54|0x0000000708a00000, 0x0000000708a00000, 0x0000000708c00000|  0%| F|  |TAMS 0x0000000708a00000| PB 0x0000000708a00000| Untracked 
|  55|0x0000000708c00000, 0x0000000708c00000, 0x0000000708e00000|  0%| F|  |TAMS 0x0000000708c00000| PB 0x0000000708c00000| Untracked 
|  56|0x0000000708e00000, 0x0000000708e00000, 0x0000000709000000|  0%| F|  |TAMS 0x0000000708e00000| PB 0x0000000708e00000| Untracked 
|  57|0x0000000709000000, 0x0000000709000000, 0x0000000709200000|  0%| F|  |TAMS 0x0000000709000000| PB 0x0000000709000000| Untracked 
|  58|0x0000000709200000, 0x0000000709200000, 0x0000000709400000|  0%| F|  |TAMS 0x0000000709200000| PB 0x0000000709200000| Untracked 
|  59|0x0000000709400000, 0x0000000709400000, 0x0000000709600000|  0%| F|  |TAMS 0x0000000709400000| PB 0x0000000709400000| Untracked 
|  60|0x0000000709600000, 0x0000000709600000, 0x0000000709800000|  0%| F|  |TAMS 0x0000000709600000| PB 0x0000000709600000| Untracked 
|  61|0x0000000709800000, 0x0000000709800000, 0x0000000709a00000|  0%| F|  |TAMS 0x0000000709800000| PB 0x0000000709800000| Untracked 
|  62|0x0000000709a00000, 0x0000000709a00000, 0x0000000709c00000|  0%| F|  |TAMS 0x0000000709a00000| PB 0x0000000709a00000| Untracked 
|  63|0x0000000709c00000, 0x0000000709c00000, 0x0000000709e00000|  0%| F|  |TAMS 0x0000000709c00000| PB 0x0000000709c00000| Untracked 
|  64|0x0000000709e00000, 0x0000000709eb92b8, 0x000000070a000000| 36%| E|  |TAMS 0x0000000709e00000| PB 0x0000000709e00000| Complete 
|  65|0x000000070a000000, 0x000000070a200000, 0x000000070a200000|100%| E|CS|TAMS 0x000000070a000000| PB 0x000000070a000000| Complete 
| 127|0x0000000711c00000, 0x0000000711e00000, 0x0000000711e00000|100%| E|CS|TAMS 0x0000000711c00000| PB 0x0000000711c00000| Complete 

Card table byte_map: [0x000001599d7e0000,0x000001599dfe0000] _byte_map_base: 0x0000015999fd1000

Marking Bits: (CMBitMap*) 0x000001598af02e10
 Bits: [0x000001599dfe0000, 0x00000159a1f68000)

Polling page: 0x0000015988df0000

Metaspace:

Usage:
  Non-class:     57.93 MB used.
      Class:      7.09 MB used.
       Both:     65.02 MB used.

Virtual space:
  Non-class space:       64.00 MB reserved,      58.31 MB ( 91%) committed,  1 nodes.
      Class space:        1.00 GB reserved,       7.50 MB ( <1%) committed,  1 nodes.
             Both:        1.06 GB reserved,      65.81 MB (  6%) committed. 

Chunk freelists:
   Non-Class:  5.22 MB
       Class:  8.44 MB
        Both:  13.66 MB

MaxMetaspaceSize: unlimited
CompressedClassSpaceSize: 1.00 GB
Initial GC threshold: 21.00 MB
Current GC threshold: 107.81 MB
CDS: off
 - commit_granule_bytes: 65536.
 - commit_granule_words: 8192.
 - virtual_space_node_default_size: 8388608.
 - enlarge_chunks_in_place: 1.
 - use_allocation_guard: 0.


Internal statistics:

num_allocs_failed_limit: 6.
num_arena_births: 1288.
num_arena_deaths: 0.
num_vsnodes_births: 2.
num_vsnodes_deaths: 0.
num_space_committed: 1051.
num_space_uncommitted: 0.
num_chunks_returned_to_freelist: 6.
num_chunks_taken_from_freelist: 3572.
num_chunk_merges: 6.
num_chunk_splits: 2673.
num_chunks_enlarged: 2084.
num_inconsistent_stats: 0.

CodeHeap 'non-profiled nmethods': size=120000Kb used=8308Kb max_used=9192Kb free=111691Kb
 bounds [0x0000015995ab0000, 0x00000159963b0000, 0x000001599cfe0000]
CodeHeap 'profiled nmethods': size=120000Kb used=31606Kb max_used=36366Kb free=88393Kb
 bounds [0x000001598dfe0000, 0x0000015990370000, 0x0000015995510000]
CodeHeap 'non-nmethods': size=5760Kb used=1577Kb max_used=1656Kb free=4182Kb
 bounds [0x0000015995510000, 0x0000015995780000, 0x0000015995ab0000]
 total_blobs=11383 nmethods=10749 adapters=536
 compilation: enabled
              stopped_count=0, restarted_count=0
 full_count=0

Compilation events (20 events):
Event: 33.076 Thread 0x00000159a466aea0 13480       3       org.jetbrains.kotlin.resolve.checkers.DataClassDeclarationChecker::check (342 bytes)
Event: 33.081 Thread 0x00000159a466aea0 nmethod 13480 0x000001599034a190 code [0x000001599034a960, 0x000001599034f968]
Event: 33.082 Thread 0x00000159a4668740 nmethod 13452 0x00000159963a3410 code [0x00000159963a39a0, 0x00000159963a6cb8]
Event: 33.082 Thread 0x00000159a4668740 13458       4       org.jetbrains.kotlin.builtins.KotlinBuiltIns::isNothingOrNullableNothing (18 bytes)
Event: 33.082 Thread 0x00000159a466aea0 13481       3       org.jetbrains.kotlin.resolve.checkers.ConstModifierChecker::check (93 bytes)
Event: 33.085 Thread 0x00000159a466aea0 nmethod 13481 0x0000015990350e10 code [0x00000159903512c0, 0x0000015990353470]
Event: 33.085 Thread 0x00000159a466aea0 13482       3       org.jetbrains.kotlin.resolve.checkers.UnderscoreChecker::check (219 bytes)
Event: 33.087 Thread 0x00000159a4668740 nmethod 13458 0x00000159963a8f10 code [0x00000159963a9100, 0x00000159963a9578]
Event: 33.087 Thread 0x00000159a4668740 13461       4       org.jetbrains.kotlin.resolve.source.KotlinSourceElement::getPsi (8 bytes)
Event: 33.088 Thread 0x00000159a466aea0 nmethod 13482 0x0000015990353f10 code [0x0000015990354480, 0x0000015990357540]
Event: 33.088 Thread 0x00000159a466aea0 13483       3       org.jetbrains.kotlin.resolve.checkers.InlineParameterChecker::check (332 bytes)
Event: 33.088 Thread 0x00000159a4668740 nmethod 13461 0x00000159963a9910 code [0x00000159963a9aa0, 0x00000159963a9b98]
Event: 33.088 Thread 0x00000159a4668740 13460       4       org.jetbrains.kotlin.descriptors.annotations.AnnotationSplitter$LazySplitAnnotations::findAnnotation (17 bytes)
Event: 33.090 Thread 0x00000159a4668740 nmethod 13460 0x00000159963a9c90 code [0x00000159963a9e20, 0x00000159963a9f50]
Event: 33.094 Thread 0x00000159a466aea0 nmethod 13483 0x0000015990358190 code [0x00000159903589a0, 0x000001599035d7b8]
Event: 33.094 Thread 0x00000159a466aea0 13484       3       org.jetbrains.kotlin.resolve.checkers.InfixModifierChecker::check (124 bytes)
Event: 33.096 Thread 0x00000159a466aea0 nmethod 13484 0x000001599035ec90 code [0x000001599035f0c0, 0x0000015990360f60]
Event: 33.096 Thread 0x00000159a466aea0 13485       3       org.jetbrains.kotlin.resolve.checkers.ReifiedTypeParameterAnnotationChecker::check (99 bytes)
Event: 33.098 Thread 0x00000159a4668740 13486       4       org.jetbrains.kotlin.com.intellij.psi.stub.JavaStubImplUtil::isMemberDeprecated (66 bytes)
Event: 33.098 Thread 0x00000159a466aea0 nmethod 13485 0x0000015990361810 code [0x0000015990361c00, 0x00000159903638e8]

GC Heap History (20 events):
Event: 13.282 GC heap before
{Heap before GC invocations=17 (full 0):
 garbage-first heap   total 100352K, used 85186K [0x0000000701e00000, 0x0000000800000000)
  region size 2048K, 14 young (28672K), 2 survivors (4096K)
 Metaspace       used 54149K, committed 54848K, reserved 1114112K
  class space    used 6145K, committed 6464K, reserved 1048576K
}
Event: 13.293 GC heap after
{Heap after GC invocations=18 (full 0):
 garbage-first heap   total 137216K, used 60562K [0x0000000701e00000, 0x0000000800000000)
  region size 2048K, 1 young (2048K), 1 survivors (2048K)
 Metaspace       used 54149K, committed 54848K, reserved 1114112K
  class space    used 6145K, committed 6464K, reserved 1048576K
}
Event: 13.614 GC heap before
{Heap before GC invocations=18 (full 0):
 garbage-first heap   total 137216K, used 109714K [0x0000000701e00000, 0x0000000800000000)
  region size 2048K, 25 young (51200K), 1 survivors (2048K)
 Metaspace       used 54153K, committed 54848K, reserved 1114112K
  class space    used 6145K, committed 6464K, reserved 1048576K
}
Event: 13.616 GC heap after
{Heap after GC invocations=19 (full 0):
 garbage-first heap   total 137216K, used 60099K [0x0000000701e00000, 0x0000000800000000)
  region size 2048K, 1 young (2048K), 1 survivors (2048K)
 Metaspace       used 54153K, committed 54848K, reserved 1114112K
  class space    used 6145K, committed 6464K, reserved 1048576K
}
Event: 13.768 GC heap before
{Heap before GC invocations=19 (full 0):
 garbage-first heap   total 137216K, used 113347K [0x0000000701e00000, 0x0000000800000000)
  region size 2048K, 27 young (55296K), 1 survivors (2048K)
 Metaspace       used 54167K, committed 54848K, reserved 1114112K
  class space    used 6146K, committed 6464K, reserved 1048576K
}
Event: 13.769 GC heap after
{Heap after GC invocations=20 (full 0):
 garbage-first heap   total 137216K, used 59985K [0x0000000701e00000, 0x0000000800000000)
  region size 2048K, 1 young (2048K), 1 survivors (2048K)
 Metaspace       used 54167K, committed 54848K, reserved 1114112K
  class space    used 6146K, committed 6464K, reserved 1048576K
}
Event: 14.610 GC heap before
{Heap before GC invocations=20 (full 0):
 garbage-first heap   total 137216K, used 119377K [0x0000000701e00000, 0x0000000800000000)
  region size 2048K, 30 young (61440K), 1 survivors (2048K)
 Metaspace       used 56268K, committed 56960K, reserved 1114112K
  class space    used 6393K, committed 6720K, reserved 1048576K
}
Event: 14.616 GC heap after
{Heap after GC invocations=21 (full 0):
 garbage-first heap   total 137216K, used 61453K [0x0000000701e00000, 0x0000000800000000)
  region size 2048K, 1 young (2048K), 1 survivors (2048K)
 Metaspace       used 56268K, committed 56960K, reserved 1114112K
  class space    used 6393K, committed 6720K, reserved 1048576K
}
Event: 18.596 GC heap before
{Heap before GC invocations=22 (full 0):
 garbage-first heap   total 137216K, used 122893K [0x0000000701e00000, 0x0000000800000000)
  region size 2048K, 31 young (63488K), 1 survivors (2048K)
 Metaspace       used 62719K, committed 63488K, reserved 1114112K
  class space    used 7031K, committed 7424K, reserved 1048576K
}
Event: 18.619 GC heap after
{Heap after GC invocations=23 (full 0):
 garbage-first heap   total 137216K, used 69698K [0x0000000701e00000, 0x0000000800000000)
  region size 2048K, 4 young (8192K), 4 survivors (8192K)
 Metaspace       used 62719K, committed 63488K, reserved 1114112K
  class space    used 7031K, committed 7424K, reserved 1048576K
}
Event: 22.314 GC heap before
{Heap before GC invocations=23 (full 0):
 garbage-first heap   total 137216K, used 118850K [0x0000000701e00000, 0x0000000800000000)
  region size 2048K, 28 young (57344K), 4 survivors (8192K)
 Metaspace       used 65170K, committed 65984K, reserved 1114112K
  class space    used 7216K, committed 7616K, reserved 1048576K
}
Event: 22.346 GC heap after
{Heap after GC invocations=24 (full 0):
 garbage-first heap   total 137216K, used 74571K [0x0000000701e00000, 0x0000000800000000)
  region size 2048K, 3 young (6144K), 3 survivors (6144K)
 Metaspace       used 65170K, committed 65984K, reserved 1114112K
  class space    used 7216K, committed 7616K, reserved 1048576K
}
Event: 24.297 GC heap before
{Heap before GC invocations=24 (full 0):
 garbage-first heap   total 137216K, used 93003K [0x0000000701e00000, 0x0000000800000000)
  region size 2048K, 13 young (26624K), 3 survivors (6144K)
 Metaspace       used 65428K, committed 66240K, reserved 1114112K
  class space    used 7222K, committed 7616K, reserved 1048576K
}
Event: 24.311 GC heap after
{Heap after GC invocations=25 (full 0):
 garbage-first heap   total 137216K, used 75787K [0x0000000701e00000, 0x0000000800000000)
  region size 2048K, 1 young (2048K), 1 survivors (2048K)
 Metaspace       used 65428K, committed 66240K, reserved 1114112K
  class space    used 7222K, committed 7616K, reserved 1048576K
}
Event: 28.772 GC heap before
{Heap before GC invocations=26 (full 0):
 garbage-first heap   total 137216K, used 124939K [0x0000000701e00000, 0x0000000800000000)
  region size 2048K, 24 young (49152K), 1 survivors (2048K)
 Metaspace       used 65966K, committed 66752K, reserved 1114112K
  class space    used 7235K, committed 7616K, reserved 1048576K
}
Event: 28.786 GC heap after
{Heap after GC invocations=27 (full 0):
 garbage-first heap   total 137216K, used 81179K [0x0000000701e00000, 0x0000000800000000)
  region size 2048K, 3 young (6144K), 3 survivors (6144K)
 Metaspace       used 65966K, committed 66752K, reserved 1114112K
  class space    used 7235K, committed 7616K, reserved 1048576K
}
Event: 31.042 GC heap before
{Heap before GC invocations=27 (full 0):
 garbage-first heap   total 137216K, used 120091K [0x0000000701e00000, 0x0000000800000000)
  region size 2048K, 22 young (45056K), 3 survivors (6144K)
 Metaspace       used 66373K, committed 67136K, reserved 1114112K
  class space    used 7259K, committed 7616K, reserved 1048576K
}
Event: 31.065 GC heap after
{Heap after GC invocations=28 (full 0):
 garbage-first heap   total 137216K, used 83355K [0x0000000701e00000, 0x0000000800000000)
  region size 2048K, 2 young (4096K), 2 survivors (4096K)
 Metaspace       used 66373K, committed 67136K, reserved 1114112K
  class space    used 7259K, committed 7616K, reserved 1048576K
}
Event: 32.706 GC heap before
{Heap before GC invocations=28 (full 0):
 garbage-first heap   total 137216K, used 122267K [0x0000000701e00000, 0x0000000800000000)
  region size 2048K, 21 young (43008K), 2 survivors (4096K)
 Metaspace       used 66538K, committed 67328K, reserved 1114112K
  class space    used 7262K, committed 7680K, reserved 1048576K
}
Event: 32.719 GC heap after
{Heap after GC invocations=29 (full 0):
 garbage-first heap   total 137216K, used 85761K [0x0000000701e00000, 0x0000000800000000)
  region size 2048K, 3 young (6144K), 3 survivors (6144K)
 Metaspace       used 66538K, committed 67328K, reserved 1114112K
  class space    used 7262K, committed 7680K, reserved 1048576K
}

Dll operation events (3 events):
Event: 0.020 Loaded shared library C:\Program Files\Android\Android Studio\jbr\bin\java.dll
Event: 0.036 Loaded shared library C:\Program Files\Android\Android Studio\jbr\bin\zip.dll
Event: 1.611 Loaded shared library C:\Program Files\Android\Android Studio\jbr\bin\verify.dll

Deoptimization events (20 events):
Event: 31.928 Thread 0x0000015988ccdd20 Uncommon trap: trap_request=0xffffffc6 fr.pc=0x00000159960718a0 relative=0x0000000000000700
Event: 31.928 Thread 0x0000015988ccdd20 Uncommon trap: reason=bimorphic_or_optimized_type_check action=maybe_recompile pc=0x00000159960718a0 method=org.jetbrains.kotlin.com.google.common.collect.AbstractMapBasedMultimap$WrappedCollection.size()I @ 8 c2
Event: 31.928 Thread 0x0000015988ccdd20 DEOPT PACKING pc=0x00000159960718a0 sp=0x00000003fcafcdd0
Event: 31.928 Thread 0x0000015988ccdd20 DEOPT UNPACKING pc=0x00000159955646a2 sp=0x00000003fcafcd90 mode 2
Event: 32.261 Thread 0x0000015988ccdd20 Uncommon trap: trap_request=0xffffff66 fr.pc=0x0000015996355960 relative=0x0000000000004c80
Event: 32.261 Thread 0x0000015988ccdd20 Uncommon trap: reason=speculate_class_check action=maybe_recompile pc=0x0000015996355960 method=org.jetbrains.kotlin.builtins.FunctionTypesKt.isBuiltinFunctionalType(Lorg/jetbrains/kotlin/types/KotlinType;)Z @ 7 c2
Event: 32.261 Thread 0x0000015988ccdd20 DEOPT PACKING pc=0x0000015996355960 sp=0x00000003fcaf7c20
Event: 32.261 Thread 0x0000015988ccdd20 DEOPT UNPACKING pc=0x00000159955646a2 sp=0x00000003fcaf7988 mode 2
Event: 32.267 Thread 0x0000015988ccdd20 Uncommon trap: trap_request=0xffffff66 fr.pc=0x0000015996355960 relative=0x0000000000004c80
Event: 32.267 Thread 0x0000015988ccdd20 Uncommon trap: reason=speculate_class_check action=maybe_recompile pc=0x0000015996355960 method=org.jetbrains.kotlin.builtins.FunctionTypesKt.isBuiltinFunctionalType(Lorg/jetbrains/kotlin/types/KotlinType;)Z @ 7 c2
Event: 32.267 Thread 0x0000015988ccdd20 DEOPT PACKING pc=0x0000015996355960 sp=0x00000003fcaf5110
Event: 32.267 Thread 0x0000015988ccdd20 DEOPT UNPACKING pc=0x00000159955646a2 sp=0x00000003fcaf4e78 mode 2
Event: 32.269 Thread 0x0000015988ccdd20 Uncommon trap: trap_request=0xffffff66 fr.pc=0x0000015996355960 relative=0x0000000000004c80
Event: 32.269 Thread 0x0000015988ccdd20 Uncommon trap: reason=speculate_class_check action=maybe_recompile pc=0x0000015996355960 method=org.jetbrains.kotlin.builtins.FunctionTypesKt.isBuiltinFunctionalType(Lorg/jetbrains/kotlin/types/KotlinType;)Z @ 7 c2
Event: 32.269 Thread 0x0000015988ccdd20 DEOPT PACKING pc=0x0000015996355960 sp=0x00000003fcaf5110
Event: 32.269 Thread 0x0000015988ccdd20 DEOPT UNPACKING pc=0x00000159955646a2 sp=0x00000003fcaf4e78 mode 2
Event: 32.284 Thread 0x0000015988ccdd20 Uncommon trap: trap_request=0xffffff66 fr.pc=0x0000015996355960 relative=0x0000000000004c80
Event: 32.284 Thread 0x0000015988ccdd20 Uncommon trap: reason=speculate_class_check action=maybe_recompile pc=0x0000015996355960 method=org.jetbrains.kotlin.builtins.FunctionTypesKt.isBuiltinFunctionalType(Lorg/jetbrains/kotlin/types/KotlinType;)Z @ 7 c2
Event: 32.284 Thread 0x0000015988ccdd20 DEOPT PACKING pc=0x0000015996355960 sp=0x00000003fcaf81e0
Event: 32.284 Thread 0x0000015988ccdd20 DEOPT UNPACKING pc=0x00000159955646a2 sp=0x00000003fcaf7f48 mode 2

Classes loaded (20 events):
Event: 15.387 Loading class java/util/stream/Node$OfLong done
Event: 15.387 Loading class java/util/stream/Nodes$EmptyNode$OfLong done
Event: 15.387 Loading class java/util/stream/Nodes$EmptyNode$OfDouble
Event: 15.387 Loading class java/util/stream/Node$OfDouble
Event: 15.387 Loading class java/util/stream/Node$OfDouble done
Event: 15.388 Loading class java/util/stream/Nodes$EmptyNode$OfDouble done
Event: 15.388 Loading class java/util/stream/Nodes$SpinedNodeBuilder
Event: 15.388 Loading class java/util/stream/Node$Builder
Event: 15.388 Loading class java/util/stream/Node$Builder done
Event: 15.388 Loading class java/util/stream/SpinedBuffer
Event: 15.390 Loading class java/util/stream/AbstractSpinedBuffer
Event: 15.390 Loading class java/util/stream/AbstractSpinedBuffer done
Event: 15.390 Loading class java/util/stream/SpinedBuffer done
Event: 15.390 Loading class java/util/stream/Nodes$SpinedNodeBuilder done
Event: 16.176 Loading class jdk/internal/math/FloatToDecimal
Event: 16.177 Loading class jdk/internal/math/FloatToDecimal done
Event: 16.177 Loading class jdk/internal/math/MathUtils
Event: 16.177 Loading class jdk/internal/math/MathUtils done
Event: 19.951 Loading class java/util/Collections$CopiesList
Event: 19.952 Loading class java/util/Collections$CopiesList done

Classes unloaded (0 events):
No events

Classes redefined (0 events):
No events

Internal exceptions (20 events):
Event: 11.153 Thread 0x0000015988ccdd20 Implicit null exception at 0x0000015995c5ab1d to 0x0000015995c5ad34
Event: 11.153 Thread 0x0000015988ccdd20 Implicit null exception at 0x0000015995ae953d to 0x0000015995ae95c1
Event: 12.840 Thread 0x0000015988ccdd20 Exception <a 'java/lang/NoSuchMethodError'{0x000000070a1e0660}: 'java.lang.Object java.lang.invoke.DirectMethodHandle$Holder.invokeStatic(java.lang.Object, int, java.lang.Object)'> (0x000000070a1e0660) 
thrown [s\src\hotspot\share\interpreter\linkResolver.cpp, line 784]
Event: 14.275 Thread 0x0000015988ccdd20 Implicit null exception at 0x0000015995bef363 to 0x0000015995bef3f5
Event: 14.359 Thread 0x0000015988ccdd20 Implicit null exception at 0x0000015995ec7003 to 0x0000015995ed0f5c
Event: 14.369 Thread 0x0000015988ccdd20 Exception <a 'java/lang/NoSuchMethodError'{0x0000000706a2d238}: 'int java.lang.invoke.DirectMethodHandle$Holder.invokeStaticInit(java.lang.Object, int)'> (0x0000000706a2d238) 
thrown [s\src\hotspot\share\interpreter\linkResolver.cpp, line 784]
Event: 14.619 Thread 0x0000015988ccdd20 Implicit null exception at 0x0000015995d22a83 to 0x0000015995d24454
Event: 14.620 Thread 0x0000015988ccdd20 Implicit null exception at 0x0000015995d27071 to 0x0000015995d27970
Event: 14.646 Thread 0x0000015988ccdd20 Exception <a 'java/lang/NoSuchMethodError'{0x0000000711c6f720}: 'java.lang.Object java.lang.invoke.DirectMethodHandle$Holder.invokeInterface(java.lang.Object, java.lang.Object, java.lang.Object)'> (0x0000000711c6f720) 
thrown [s\src\hotspot\share\interpreter\linkResolver.cpp, line 784]
Event: 14.648 Thread 0x0000015988ccdd20 Exception <a 'java/lang/IncompatibleClassChangeError'{0x0000000711c72dc8}: Found class java.lang.Object, but interface was expected> (0x0000000711c72dc8) 
thrown [s\src\hotspot\share\interpreter\linkResolver.cpp, line 851]
Event: 15.279 Thread 0x0000015988ccdd20 Exception <a 'java/lang/NoSuchMethodError'{0x0000000709afb1e8}: 'void java.lang.invoke.DirectMethodHandle$Holder.invokeSpecial(java.lang.Object, java.lang.Object, int, java.lang.Object)'> (0x0000000709afb1e8) 
thrown [s\src\hotspot\share\interpreter\linkResolver.cpp, line 784]
Event: 15.310 Thread 0x0000015988ccdd20 Exception <a 'java/lang/NoSuchMethodError'{0x0000000709b70210}: 'java.lang.Object java.lang.invoke.DirectMethodHandle$Holder.newInvokeSpecial(java.lang.Object, java.lang.Object, java.lang.Object, java.lang.Object, int)'> (0x0000000709b70210) 
thrown [s\src\hotspot\share\interpreter\linkResolver.cpp, line 784]
Event: 15.311 Thread 0x0000015988ccdd20 Exception <a 'java/lang/NoSuchMethodError'{0x0000000709b74a20}: 'java.lang.Object java.lang.invoke.DirectMethodHandle$Holder.invokeSpecial(java.lang.Object, java.lang.Object, java.lang.Object, java.lang.Object, java.lang.Object, int)'> (0x0000000709b74a20) 
thrown [s\src\hotspot\share\interpreter\linkResolver.cpp, line 784]
Event: 15.312 Thread 0x0000015988ccdd20 Exception <a 'java/lang/NoSuchMethodError'{0x0000000709b78cb0}: 'java.lang.Object java.lang.invoke.Invokers$Holder.linkToTargetMethod(java.lang.Object, java.lang.Object, java.lang.Object, int, java.lang.Object)'> (0x0000000709b78cb0) 
thrown [s\src\hotspot\share\interpreter\linkResolver.cpp, line 784]
Event: 15.381 Thread 0x0000015988ccdd20 Exception <a 'java/lang/NoSuchMethodError'{0x0000000709907780}: 'void java.lang.invoke.DirectMethodHandle$Holder.invokeInterface(java.lang.Object, java.lang.Object)'> (0x0000000709907780) 
thrown [s\src\hotspot\share\interpreter\linkResolver.cpp, line 784]
Event: 15.524 Thread 0x0000015988ccdd20 Exception <a 'java/lang/IncompatibleClassChangeError'{0x00000007096fe928}: Found class java.lang.Object, but interface was expected> (0x00000007096fe928) 
thrown [s\src\hotspot\share\interpreter\linkResolver.cpp, line 851]
Event: 16.262 Thread 0x0000015988ccdd20 Implicit null exception at 0x0000015995e1334a to 0x0000015995e135b8
Event: 19.408 Thread 0x0000015988ccdd20 Exception <a 'java/lang/NoSuchMethodError'{0x000000070983f100}: 'java.lang.Object java.lang.invoke.DirectMethodHandle$Holder.newInvokeSpecial(java.lang.Object, int, java.lang.Object, java.lang.Object)'> (0x000000070983f100) 
thrown [s\src\hotspot\share\interpreter\linkResolver.cpp, line 784]
Event: 19.584 Thread 0x0000015988ccdd20 Implicit null exception at 0x0000015995fb0fb3 to 0x0000015995fb191c
Event: 29.411 Thread 0x0000015988ccdd20 Implicit null exception at 0x0000015996098145 to 0x0000015996098286

ZGC Phase Switch (0 events):
No events

VM Operations (20 events):
Event: 27.506 Executing VM operation: Cleanup done
Event: 28.226 Executing VM operation: ICBufferFull
Event: 28.227 Executing VM operation: ICBufferFull done
Event: 28.763 Executing VM operation: ICBufferFull
Event: 28.764 Executing VM operation: ICBufferFull done
Event: 28.771 Executing VM operation: G1CollectForAllocation (G1 Evacuation Pause)
Event: 28.786 Executing VM operation: G1CollectForAllocation (G1 Evacuation Pause) done
Event: 29.347 Executing VM operation: ICBufferFull
Event: 29.347 Executing VM operation: ICBufferFull done
Event: 30.190 Executing VM operation: ICBufferFull
Event: 30.191 Executing VM operation: ICBufferFull done
Event: 30.730 Executing VM operation: ICBufferFull
Event: 30.730 Executing VM operation: ICBufferFull done
Event: 31.042 Executing VM operation: G1CollectForAllocation (G1 Evacuation Pause)
Event: 31.065 Executing VM operation: G1CollectForAllocation (G1 Evacuation Pause) done
Event: 31.855 Executing VM operation: ICBufferFull
Event: 31.856 Executing VM operation: ICBufferFull done
Event: 32.706 Executing VM operation: G1CollectForAllocation (G1 Evacuation Pause)
Event: 32.719 Executing VM operation: G1CollectForAllocation (G1 Evacuation Pause) done
Event: 33.103 Executing VM operation: G1PauseRemark

Memory protections (0 events):
No events

Nmethod flushes (20 events):
Event: 33.120 Thread 0x00000159a449ec20 flushing  nmethod 0x000001598f69f790
Event: 33.120 Thread 0x00000159a449ec20 flushing  nmethod 0x000001598f6a9810
Event: 33.120 Thread 0x00000159a449ec20 flushing  nmethod 0x000001598f73aa90
Event: 33.120 Thread 0x00000159a449ec20 flushing  nmethod 0x000001598f777410
Event: 33.120 Thread 0x00000159a449ec20 flushing  nmethod 0x000001598f791c90
Event: 33.120 Thread 0x00000159a449ec20 flushing  nmethod 0x000001598f7c2310
Event: 33.120 Thread 0x00000159a449ec20 flushing  nmethod 0x000001598f85d410
Event: 33.120 Thread 0x00000159a449ec20 flushing  nmethod 0x000001598f8a0990
Event: 33.120 Thread 0x00000159a449ec20 flushing  nmethod 0x000001598f9cdf90
Event: 33.120 Thread 0x00000159a449ec20 flushing  nmethod 0x000001598fa40610
Event: 33.120 Thread 0x00000159a449ec20 flushing  nmethod 0x000001598fa60390
Event: 33.120 Thread 0x00000159a449ec20 flushing  nmethod 0x000001598fb55a90
Event: 33.120 Thread 0x00000159a449ec20 flushing  nmethod 0x000001598fb5ec10
Event: 33.120 Thread 0x00000159a449ec20 flushing  nmethod 0x000001598fb64d90
Event: 33.120 Thread 0x00000159a449ec20 flushing  nmethod 0x000001598fb6d410
Event: 33.120 Thread 0x00000159a449ec20 flushing  nmethod 0x000001598fbc3390
Event: 33.120 Thread 0x00000159a449ec20 flushing  nmethod 0x000001598fbcfa10
Event: 33.120 Thread 0x00000159a449ec20 flushing  nmethod 0x000001598fbd9d90
Event: 33.120 Thread 0x00000159a449ec20 flushing  nmethod 0x000001598fbdc610
Event: 33.120 Thread 0x00000159a449ec20 flushing  nmethod 0x000001598fd6dd10

Events (20 events):
Event: 0.152 Thread 0x0000015988ccdd20 Thread added: 0x00000159a4656dd0
Event: 0.153 Thread 0x0000015988ccdd20 Thread added: 0x00000159a46356a0
Event: 0.153 Thread 0x0000015988ccdd20 Thread added: 0x00000159a46370b0
Event: 0.153 Thread 0x0000015988ccdd20 Thread added: 0x00000159a4668740
Event: 0.153 Thread 0x0000015988ccdd20 Thread added: 0x00000159a466aea0
Event: 0.237 Thread 0x0000015988ccdd20 Thread added: 0x00000159a47f9900
Event: 0.247 Thread 0x0000015988ccdd20 Thread added: 0x00000159a47fcf90
Event: 0.268 Loaded shared library C:\Program Files\Android\Android Studio\jbr\bin\net.dll
Event: 0.274 Loaded shared library C:\Program Files\Android\Android Studio\jbr\bin\nio.dll
Event: 0.317 Thread 0x00000159a4668740 Thread added: 0x00000159a466a100
Event: 0.342 Loaded shared library C:\Program Files\Android\Android Studio\jbr\bin\zip.dll
Event: 0.393 Loaded shared library C:\Program Files\Android\Android Studio\jbr\bin\jimage.dll
Event: 0.956 Thread 0x00000159a466a100 Thread exited: 0x00000159a466a100
Event: 2.193 Thread 0x00000159a466aea0 Thread added: 0x00000159a4669360
Event: 2.524 Thread 0x00000159a4669360 Thread exited: 0x00000159a4669360
Event: 3.271 Thread 0x00000159a466aea0 Thread added: 0x00000159a466bc40
Event: 6.085 Thread 0x00000159a466bc40 Thread exited: 0x00000159a466bc40
Event: 6.262 Thread 0x00000159a4668740 Thread added: 0x00000159aa7dc110
Event: 23.976 Thread 0x00000159aa7dc110 Thread exited: 0x00000159aa7dc110
Event: 26.601 Thread 0x00000159a466aea0 Thread added: 0x00000159aa74c240


Dynamic libraries:
0x00007ff7decf0000 - 0x00007ff7decfa000 	C:\Program Files\Android\Android Studio\jbr\bin\java.exe
0x00007ffcfb3d0000 - 0x00007ffcfb5e7000 	C:\Windows\SYSTEM32\ntdll.dll
0x00007ffcfafa0000 - 0x00007ffcfb064000 	C:\Windows\System32\KERNEL32.DLL
0x00007ffcf8c10000 - 0x00007ffcf8fe1000 	C:\Windows\System32\KERNELBASE.dll
0x00007ffcf8590000 - 0x00007ffcf86a1000 	C:\Windows\System32\ucrtbase.dll
0x00007ffcf3910000 - 0x00007ffcf392b000 	C:\Program Files\Android\Android Studio\jbr\bin\VCRUNTIME140.dll
0x00007ffce5ea0000 - 0x00007ffce5eb8000 	C:\Program Files\Android\Android Studio\jbr\bin\jli.dll
0x00007ffcf90a0000 - 0x00007ffcf9251000 	C:\Windows\System32\USER32.dll
0x00007ffcf9070000 - 0x00007ffcf9096000 	C:\Windows\System32\win32u.dll
0x00007ffce7860000 - 0x00007ffce7af2000 	C:\Windows\WinSxS\amd64_microsoft.windows.common-controls_6595b64144ccf1df_6.0.22621.4830_none_270fe7d773858e80\COMCTL32.dll
0x00007ffcfa440000 - 0x00007ffcfa469000 	C:\Windows\System32\GDI32.dll
0x00007ffcf8770000 - 0x00007ffcf888b000 	C:\Windows\System32\gdi32full.dll
0x00007ffcf92d0000 - 0x00007ffcf9377000 	C:\Windows\System32\msvcrt.dll
0x00007ffcf8b70000 - 0x00007ffcf8c0a000 	C:\Windows\System32\msvcp_win.dll
0x00007ffcf9c60000 - 0x00007ffcf9c91000 	C:\Windows\System32\IMM32.DLL
0x00007ffcf4ab0000 - 0x00007ffcf4abc000 	C:\Program Files\Android\Android Studio\jbr\bin\vcruntime140_1.dll
0x00007ffcb9d10000 - 0x00007ffcb9d9d000 	C:\Program Files\Android\Android Studio\jbr\bin\msvcp140.dll
0x00007ffcaf830000 - 0x00007ffcb04b3000 	C:\Program Files\Android\Android Studio\jbr\bin\server\jvm.dll
0x00007ffcf9ba0000 - 0x00007ffcf9c51000 	C:\Windows\System32\ADVAPI32.dll
0x00007ffcfad00000 - 0x00007ffcfada7000 	C:\Windows\System32\sechost.dll
0x00007ffcf8890000 - 0x00007ffcf88b8000 	C:\Windows\System32\bcrypt.dll
0x00007ffcf9890000 - 0x00007ffcf99a4000 	C:\Windows\System32\RPCRT4.dll
0x00007ffcf9380000 - 0x00007ffcf93f1000 	C:\Windows\System32\WS2_32.dll
0x00007ffcf73c0000 - 0x00007ffcf740d000 	C:\Windows\SYSTEM32\POWRPROF.dll
0x00007ffcf41a0000 - 0x00007ffcf41d4000 	C:\Windows\SYSTEM32\WINMM.dll
0x00007ffce5f40000 - 0x00007ffce5f4a000 	C:\Windows\SYSTEM32\VERSION.dll
0x00007ffcf73a0000 - 0x00007ffcf73b3000 	C:\Windows\SYSTEM32\UMPDC.dll
0x00007ffcf7650000 - 0x00007ffcf7668000 	C:\Windows\SYSTEM32\kernel.appcore.dll
0x00007ffcf3900000 - 0x00007ffcf390a000 	C:\Program Files\Android\Android Studio\jbr\bin\jimage.dll
0x00007ffce3070000 - 0x00007ffce32a2000 	C:\Windows\SYSTEM32\DBGHELP.DLL
0x00007ffcf9400000 - 0x00007ffcf9790000 	C:\Windows\System32\combase.dll
0x00007ffcfa230000 - 0x00007ffcfa307000 	C:\Windows\System32\OLEAUT32.dll
0x00007ffcdfcb0000 - 0x00007ffcdfce2000 	C:\Windows\SYSTEM32\dbgcore.DLL
0x00007ffcf8510000 - 0x00007ffcf858b000 	C:\Windows\System32\bcryptPrimitives.dll
0x00007ffcf38e0000 - 0x00007ffcf3900000 	C:\Program Files\Android\Android Studio\jbr\bin\java.dll
0x00007ffcf38c0000 - 0x00007ffcf38d8000 	C:\Program Files\Android\Android Studio\jbr\bin\zip.dll
0x00007ffcfa470000 - 0x00007ffcfacf8000 	C:\Windows\System32\SHELL32.dll
0x00007ffcf8a30000 - 0x00007ffcf8b6f000 	C:\Windows\System32\wintypes.dll
0x00007ffcf6470000 - 0x00007ffcf6d7d000 	C:\Windows\SYSTEM32\windows.storage.dll
0x00007ffcfa330000 - 0x00007ffcfa43a000 	C:\Windows\System32\SHCORE.dll
0x00007ffcf9270000 - 0x00007ffcf92ce000 	C:\Windows\System32\shlwapi.dll
0x00007ffcf8440000 - 0x00007ffcf846b000 	C:\Windows\SYSTEM32\profapi.dll
0x00007ffcee780000 - 0x00007ffcee790000 	C:\Program Files\Android\Android Studio\jbr\bin\net.dll
0x00007ffcf3f80000 - 0x00007ffcf40ac000 	C:\Windows\SYSTEM32\WINHTTP.dll
0x00007ffcf7ac0000 - 0x00007ffcf7b2a000 	C:\Windows\system32\mswsock.dll
0x00007ffcee760000 - 0x00007ffcee776000 	C:\Program Files\Android\Android Studio\jbr\bin\nio.dll
0x00007ffcee530000 - 0x00007ffcee540000 	C:\Program Files\Android\Android Studio\jbr\bin\verify.dll

dbghelp: loaded successfully - version: 4.0.5 - missing functions: none
symbol engine: initialized successfully - sym options: 0x614 - pdb path: .;C:\Program Files\Android\Android Studio\jbr\bin;C:\Windows\SYSTEM32;C:\Windows\WinSxS\amd64_microsoft.windows.common-controls_6595b64144ccf1df_6.0.22621.4830_none_270fe7d773858e80;C:\Program Files\Android\Android Studio\jbr\bin\server

VM Arguments:
java_command: org.jetbrains.kotlin.cli.jvm.K2JVMCompiler @D:\Online Assigenment\Android_Assigenment\The-CNC-CODE-CREATOR-APP\app\build\20250328_11327213800067509858.compiler.options
java_class_path (initial): C:\Users\isarm\.gradle\caches\modules-2\files-2.1\org.jetbrains.kotlin\kotlin-compiler-embeddable\1.9.24\78dab849090e6c5e2eadb6e59a11cdc28fb67a08\kotlin-compiler-embeddable-1.9.24.jar;C:\Users\isarm\.gradle\caches\modules-2\files-2.1\org.jetbrains.kotlin\kotlin-stdlib\1.9.24\9928532f12c66ad816a625b3f9984f8368ca6d2b\kotlin-stdlib-1.9.24.jar;C:\Users\isarm\.gradle\caches\modules-2\files-2.1\org.jetbrains.kotlin\kotlin-script-runtime\1.9.24\96771497da90fbc5af1c90fce148db2595a62502\kotlin-script-runtime-1.9.24.jar;C:\Users\isarm\.gradle\caches\modules-2\files-2.1\org.jetbrains.kotlin\kotlin-reflect\1.6.10\1cbe9c92c12a94eea200d23c2bbaedaf3daf5132\kotlin-reflect-1.6.10.jar;C:\Users\isarm\.gradle\caches\modules-2\files-2.1\org.jetbrains.kotlin\kotlin-daemon-embeddable\1.9.24\86685b9c5e8d170925bd9ddbdc263374a6a73281\kotlin-daemon-embeddable-1.9.24.jar;C:\Users\isarm\.gradle\caches\modules-2\files-2.1\org.jetbrains.intellij.deps\trove4j\1.0.20200330\3afb14d5f9ceb459d724e907a21145e8ff394f02\trove4j-1.0.20200330.jar;C:\Users\isarm\.gradle\caches\modules-2\files-2.1\org.jetbrains\annotations\13.0\919f0dfe192fb4e063e7dacadee7f8bb9a2672a9\annotations-13.0.jar
Launcher Type: SUN_STANDARD

[Global flags]
     intx CICompilerCount                          = 3                                         {product} {ergonomic}
     uint ConcGCThreads                            = 1                                         {product} {ergonomic}
     uint G1ConcRefinementThreads                  = 4                                         {product} {ergonomic}
   size_t G1HeapRegionSize                         = 2097152                                   {product} {ergonomic}
    uintx GCDrainStackTargetSize                   = 64                                        {product} {ergonomic}
   size_t InitialHeapSize                          = 268435456                                 {product} {ergonomic}
   size_t MarkStackSize                            = 4194304                                   {product} {ergonomic}
   size_t MaxHeapSize                              = 4263510016                                {product} {ergonomic}
   size_t MaxNewSize                               = 2556428288                                {product} {ergonomic}
   size_t MinHeapDeltaBytes                        = 2097152                                   {product} {ergonomic}
   size_t MinHeapSize                              = 8388608                                   {product} {ergonomic}
    uintx NonNMethodCodeHeapSize                   = 5832780                                {pd product} {ergonomic}
    uintx NonProfiledCodeHeapSize                  = 122912730                              {pd product} {ergonomic}
    uintx ProfiledCodeHeapSize                     = 122912730                              {pd product} {ergonomic}
    uintx ReservedCodeCacheSize                    = 251658240                              {pd product} {ergonomic}
     bool SegmentedCodeCache                       = true                                      {product} {ergonomic}
   size_t SoftMaxHeapSize                          = 4263510016                             {manageable} {ergonomic}
     bool UseCompressedOops                        = true                           {product lp64_product} {ergonomic}
     bool UseG1GC                                  = true                                      {product} {ergonomic}
     bool UseLargePagesIndividualAllocation        = false                                  {pd product} {ergonomic}

Logging:
Log output configuration:
 #0: stdout all=warning uptime,level,tags foldmultilines=false
 #1: stderr all=off uptime,level,tags foldmultilines=false

Environment Variables:
JAVA_HOME=C:\Program Files\Java\jdk-23\
PATH=C:\Program Files\Common Files\Oracle\Java\javapath;C:\Program Files (x86)\VMware\VMware Workstation\bin\;C:\Windows\system32;C:\Windows;C:\Windows\System32\Wbem;C:\Windows\System32\WindowsPowerShell\v1.0\;C:\Windows\System32\OpenSSH\;C:\php-8.3.12;C:\Program Files\MATLAB\R2024b\bin;C:\Program Files\dotnet\;D:\Softwares\;C:\ProgramData\chocolatey\bin;D:\Disk_Recovery\Scripts;C:\Program Files\Git\cmd;C:\Program Files\Git;C:\Users\isarm\Downloads\Scripts;C:\Users\isarm\Gpg4win\..\GnuPG\bin;C:\Users\isarm\AppData\Local\Programs\Python\Python313\Scripts\;C:\Users\isarm\AppData\Local\Programs\Python\Python312\;C:\Users\isarm\AppData\Local\Programs\Python\Launcher\;C:\Users\isarm\AppData\Local\Microsoft\WindowsApps;D:\Softwares\Microsoft VS Code\bin;C:\Users\isarm\.dotnet\tools;C:\Users\isarm\AppData\Roaming\npm;D:\Softwares\PyCharm Community Edition 2024.3\bin;C:\Program Files\GnuWin32\bin;C:\Users\isarm\wget-1.21.4-win64;C:\Program Files\Apache\Maven\apache-maven-3.9.9\bin;C:\Users\isarm\AppData\Local\Programs\Python\Python311\;C:\Users\isarm\AppData\Local\Programs\Python\Python311\Scripts;C:\Users\isarm\AppData\Local\Programs\Python\Python313;C:\Users\isarm\AppData\Local\Programs\Python\Python313\Scripts;C:\Users\isarm\AppData\Local\Programs\Python\Python311\tcl\tcl8.6;C:\Users\isarm\AppData\Local\Programs\Python\Python311\tcl\tk8.6;C:\Users\isarm\AppData\Local\Programs\Python\Python311\Scripts\;C:\Users\isarm\AppData\Local\Programs\Python\Python311\;C:\Users\isarm\AppData\Local\Programs\Python\Python313\;C:\Users\isarm\AppData\Local\Programs\Python\Python313\Scripts\;C:\Users\isarm\AppData\Local\Programs\Python\Python312\;C:\Users\isarm\AppData\Local\Programs\Python\Launcher\;C:\Users\isarm\AppData\Local\Microsoft\WindowsApps;D:\Softwares\Microsoft VS Code\bin;C:\Users\isarm\.dotnet\tools;C:\Users\isarm\AppData\Roaming\npm;D:\Softwares\PyCharm Community Edition 2024.3\bin;;
USERNAME=isarm
OS=Windows_NT
PROCESSOR_IDENTIFIER=Intel64 Family 6 Model 61 Stepping 4, GenuineIntel
TMP=C:\Users\isarm\AppData\Local\Temp
TEMP=C:\Users\isarm\AppData\Local\Temp




Periodic native trim disabled

JNI global refs:
JNI global refs: 11, weak refs: 2

JNI global refs memory usage: 835, weak refs: 833

Process memory usage:
Resident Set Size: 356108K (2% of 16649324K total physical memory with 1033280K free physical memory)

OOME stack traces (most recent first):
Classloader memory used:
Loader jdk.internal.loader.ClassLoaders$AppClassLoader                                 : 53770K
Loader bootstrap                                                                       : 12814K

---------------  S Y S T E M  ---------------

OS:
 Windows 11 , 64 bit Build 22621 (10.0.22621.4974)
OS uptime: 0 days 2:40 hours
Hyper-V role detected

CPU: total 4 (initial active 4) (2 cores per cpu, 2 threads per core) family 6 model 61 stepping 4 microcode 0x2f, cx8, cmov, fxsr, ht, mmx, 3dnowpref, sse, sse2, sse3, ssse3, sse4.1, sse4.2, popcnt, lzcnt, tsc, tscinvbit, avx, avx2, aes, erms, clmul, bmi1, bmi2, rtm, adx, fma, vzeroupper, clflush, hv, rdtscp, f16c
Processor Information for all 4 processors :
  Max Mhz: 2601, Current Mhz: 2601, Mhz Limit: 2601

Memory: 4k page, system-wide physical 16259M (1009M free)
TotalPageFile size 18307M (AvailPageFile size 15M)
current process WorkingSet (physical memory assigned to process): 347M, peak: 355M
current process commit charge ("private bytes"): 374M, peak: 386M

vm_info: OpenJDK 64-Bit Server VM (21.0.4+-12508038-b607.1) for windows-amd64 JRE (21.0.4+-12508038-b607.1), built on 2024-10-16T17:23:34Z by "builder" with MS VC++ 16.10 / 16.11 (VS2019)

END.
